c:\users\my pc\onedrive\documents\for_learning\git_learning\git_work\snakegameproject\snakegame\snake_game_making\snake_game_making\x64\debug\vc145.pdb
c:\users\my pc\onedrive\documents\for_learning\git_learning\git_work\snakegameproject\snakegame\snake_game_making\snake_game_making\x64\debug\vc145.idb
c:\users\my pc\onedrive\documents\for_learning\git_learning\git_work\snakegameproject\snakegame\snake_game_making\snake_game_making\x64\debug\main.obj
c:\users\my pc\onedrive\documents\for_learning\git_learning\git_work\snakegameproject\snakegame\snake_game_making\snake_game_making\x64\debug\snake.obj
c:\users\my pc\onedrive\documents\for_learning\git_learning\git_work\snakegameproject\snakegame\snake_game_making\snake_game_making\x64\debug\map.obj
c:\users\my pc\onedrive\documents\for_learning\git_learning\git_work\snakegameproject\snakegame\snake_game_making\snake_game_making\x64\debug\game.obj
c:\users\my pc\onedrive\documents\for_learning\git_learning\git_work\snakegameproject\snakegame\snake_game_making\snake_game_making\x64\debug\food.obj
c:\users\my pc\onedrive\documents\for_learning\git_learning\git_work\snakegameproject\snakegame\snake_game_making\snake_game_making\x64\debug\button.obj
c:\users\my pc\onedrive\documents\for_learning\git_learning\git_work\snakegameproject\snakegame\snake_game_making\snake_game_making\x64\debug\additionalfunc.obj
c:\users\my pc\onedrive\documents\for_learning\git_learning\git_work\snakegameproject\snakegame\snake_game_making\x64\debug\snake_game_making.exe
c:\users\my pc\onedrive\documents\for_learning\git_learning\git_work\snakegameproject\snakegame\snake_game_making\x64\debug\snake_game_making.pdb
c:\users\my pc\onedrive\documents\for_learning\git_learning\git_work\snakegameproject\snakegame\snake_game_making\snake_game_making\x64\debug\snake_game_making.ilk
c:\users\my pc\onedrive\documents\for_learning\git_learning\git_work\snakegameproject\snakegame\snake_game_making\snake_game_making\x64\debug\snake_ga.6b77e6f8.tlog\cl.command.1.tlog
c:\users\my pc\onedrive\documents\for_learning\git_learning\git_work\snakegameproject\snakegame\snake_game_making\snake_game_making\x64\debug\snake_ga.6b77e6f8.tlog\cl.items.tlog
c:\users\my pc\onedrive\documents\for_learning\git_learning\git_work\snakegameproject\snakegame\snake_game_making\snake_game_making\x64\debug\snake_ga.6b77e6f8.tlog\cl.read.1.tlog
c:\users\my pc\onedrive\documents\for_learning\git_learning\git_work\snakegameproject\snakegame\snake_game_making\snake_game_making\x64\debug\snake_ga.6b77e6f8.tlog\cl.write.1.tlog
c:\users\my pc\onedrive\documents\for_learning\git_learning\git_work\snakegameproject\snakegame\snake_game_making\snake_game_making\x64\debug\snake_ga.6b77e6f8.tlog\link.command.1.tlog
c:\users\my pc\onedrive\documents\for_learning\git_learning\git_work\snakegameproject\snakegame\snake_game_making\snake_game_making\x64\debug\snake_ga.6b77e6f8.tlog\link.read.1.tlog
c:\users\my pc\onedrive\documents\for_learning\git_learning\git_work\snakegameproject\snakegame\snake_game_making\snake_game_making\x64\debug\snake_ga.6b77e6f8.tlog\link.secondary.1.tlog
c:\users\my pc\onedrive\documents\for_learning\git_learning\git_work\snakegameproject\snakegame\snake_game_making\snake_game_making\x64\debug\snake_ga.6b77e6f8.tlog\link.write.1.tlog
