c:\users\my pc\onedrive\documents\for_learning\git_learning\git_work\snakegameproject\snakegame\snake_game_making\snake_game_making\x64\release\vc145.pdb
c:\users\my pc\onedrive\documents\for_learning\git_learning\git_work\snakegameproject\snakegame\snake_game_making\snake_game_making\x64\release\snake.obj
c:\users\my pc\onedrive\documents\for_learning\git_learning\git_work\snakegameproject\snakegame\snake_game_making\snake_game_making\x64\release\game.obj
c:\users\my pc\onedrive\documents\for_learning\git_learning\git_work\snakegameproject\snakegame\snake_game_making\snake_game_making\x64\release\main.obj
c:\users\my pc\onedrive\documents\for_learning\git_learning\git_work\snakegameproject\snakegame\snake_game_making\snake_game_making\x64\release\map.obj
c:\users\my pc\onedrive\documents\for_learning\git_learning\git_work\snakegameproject\snakegame\snake_game_making\snake_game_making\x64\release\food.obj
c:\users\my pc\onedrive\documents\for_learning\git_learning\git_work\snakegameproject\snakegame\snake_game_making\snake_game_making\x64\release\button.obj
c:\users\my pc\onedrive\documents\for_learning\git_learning\git_work\snakegameproject\snakegame\snake_game_making\snake_game_making\x64\release\additionalfunc.obj
c:\users\my pc\onedrive\documents\for_learning\git_learning\git_work\snakegameproject\snakegame\snake_game_making\x64\release\snake_game_making.exe
c:\users\my pc\onedrive\documents\for_learning\git_learning\git_work\snakegameproject\snakegame\snake_game_making\x64\release\snake_game_making.pdb
c:\users\my pc\onedrive\documents\for_learning\git_learning\git_work\snakegameproject\snakegame\snake_game_making\snake_game_making\x64\release\snake_game_making.ipdb
c:\users\my pc\onedrive\documents\for_learning\git_learning\git_work\snakegameproject\snakegame\snake_game_making\snake_game_making\x64\release\snake_game_making.iobj
c:\users\my pc\onedrive\documents\for_learning\git_learning\git_work\snakegameproject\snakegame\snake_game_making\snake_game_making\x64\release\snake_ga.6b77e6f8.tlog\cl.command.1.tlog
c:\users\my pc\onedrive\documents\for_learning\git_learning\git_work\snakegameproject\snakegame\snake_game_making\snake_game_making\x64\release\snake_ga.6b77e6f8.tlog\cl.items.tlog
c:\users\my pc\onedrive\documents\for_learning\git_learning\git_work\snakegameproject\snakegame\snake_game_making\snake_game_making\x64\release\snake_ga.6b77e6f8.tlog\cl.read.1.tlog
c:\users\my pc\onedrive\documents\for_learning\git_learning\git_work\snakegameproject\snakegame\snake_game_making\snake_game_making\x64\release\snake_ga.6b77e6f8.tlog\cl.write.1.tlog
c:\users\my pc\onedrive\documents\for_learning\git_learning\git_work\snakegameproject\snakegame\snake_game_making\snake_game_making\x64\release\snake_ga.6b77e6f8.tlog\link.command.1.tlog
c:\users\my pc\onedrive\documents\for_learning\git_learning\git_work\snakegameproject\snakegame\snake_game_making\snake_game_making\x64\release\snake_ga.6b77e6f8.tlog\link.read.1.tlog
c:\users\my pc\onedrive\documents\for_learning\git_learning\git_work\snakegameproject\snakegame\snake_game_making\snake_game_making\x64\release\snake_ga.6b77e6f8.tlog\link.secondary.1.tlog
c:\users\my pc\onedrive\documents\for_learning\git_learning\git_work\snakegameproject\snakegame\snake_game_making\snake_game_making\x64\release\snake_ga.6b77e6f8.tlog\link.write.1.tlog
